C:\USERS\PC-4\DOCUMENTS\GITHUB\TEMPLATEMATCHING\TEMPLATEMATCHING\X64\RELEASE\TEMPLATEMATCHING.OBJ
C:\USERS\PC-4\DOCUMENTS\GITHUB\TEMPLATEMATCHING\TEMPLATEMATCHING\X64\RELEASE\VC110.PDB
C:\USERS\PC-4\DOCUMENTS\GITHUB\TEMPLATEMATCHING\X64\RELEASE\TEMPLATEMATCHING.DLL
C:\USERS\PC-4\DOCUMENTS\GITHUB\TEMPLATEMATCHING\X64\RELEASE\TEMPLATEMATCHING.PDB
C:\Users\PC-4\Documents\GitHub\TemplateMatching\x64\Release\TemplateMatching.lib
C:\Users\PC-4\Documents\GitHub\TemplateMatching\x64\Release\TemplateMatching.exp
C:\Users\PC-4\Documents\GitHub\TemplateMatching\TemplateMatching\x64\Release\templatematching.obj
C:\Users\PC-4\Documents\GitHub\TemplateMatching\TemplateMatching\x64\Release\cl.command.1.tlog
C:\Users\PC-4\Documents\GitHub\TemplateMatching\TemplateMatching\x64\Release\CL.read.1.tlog
C:\Users\PC-4\Documents\GitHub\TemplateMatching\TemplateMatching\x64\Release\CL.write.1.tlog
C:\Users\PC-4\Documents\GitHub\TemplateMatching\TemplateMatching\x64\Release\link-cvtres.read.1.tlog
C:\Users\PC-4\Documents\GitHub\TemplateMatching\TemplateMatching\x64\Release\link-cvtres.write.1.tlog
C:\Users\PC-4\Documents\GitHub\TemplateMatching\TemplateMatching\x64\Release\link-rc.read.1.tlog
C:\Users\PC-4\Documents\GitHub\TemplateMatching\TemplateMatching\x64\Release\link-rc.write.1.tlog
C:\Users\PC-4\Documents\GitHub\TemplateMatching\TemplateMatching\x64\Release\link.command.1.tlog
C:\Users\PC-4\Documents\GitHub\TemplateMatching\TemplateMatching\x64\Release\link.read.1.tlog
C:\Users\PC-4\Documents\GitHub\TemplateMatching\TemplateMatching\x64\Release\link.write.1.tlog
C:\Users\PC-4\Documents\GitHub\TemplateMatching\TemplateMatching\x64\Release\TemplateMatching.write.1.tlog
C:\Users\PC-4\Documents\GitHub\TemplateMatching\TemplateMatching\x64\Release\vc110.pdb
C:\Users\PC-4\Documents\GitHub\TemplateMatching\x64\Release\TemplateMatching.pdb
C:\Users\PC-4\Documents\GitHub\TemplateMatching\x64\Release\TemplateMatching.dll
